<?xml version="1.0" encoding="UTF-8"?>
<!-- Generated by org.testng.reporters.JUnitReportReporter -->
<testsuite skipped="0" hostname="DESKTOP-3R73L8V" name="testCases.Test2" tests="2" failures="0" timestamp="15 Aug 2019 05:35:34 GMT" time="0.006" errors="0">
  <testcase name="test_search" time="0.004" classname="testCases.Test2"/>
  <testcase name="test_advSearch" time="0.002" classname="testCases.Test2"/>
</testsuite> <!-- testCases.Test2 -->
